--- Job meanvar.gms Start 12/03/23 18:32:29 45.3.0 c4c31d8a DEX-DEG x86 64bit/macOS
--- Applying:
    /Library/Frameworks/GAMS.framework/Versions/45/Resources/gmsprmun.txt
--- GAMS Parameters defined
    Input "/Users/madhav/Desktop/Project 643/GAMS Codes/meanvar.gms"
    PageSize 0
    ScrDir "/Users/madhav/Desktop/Project 643/GAMS Codes/225a/"
    SysDir /Library/Frameworks/GAMS.framework/Versions/45/Resources/
    LogOption 3
    ErrMsg 1
    ErrorLog 99
    IDE 1
    LstTitleLeftAligned 1
Licensee: GAMS Demo, for EULA and demo limitations see   G230930/0001CB-GEN
          https://www.gams.com/latest/docs/UG%5FLicense.html         DC0000
          /Library/Frameworks/GAMS.framework/Versions/45/Resources/gamslice.txt
          Demo license for demonstration and instructional purposes only
Processor information: 1 socket(s), 2 core(s), and 4 thread(s) available
GAMS 45.3.0   Copyright (C) 1987-2023 GAMS Development. All rights reserved
--- Starting compilation
--- meanvar.gms(12) 2 Mb
--- GDXin=/Users/madhav/Desktop/Project 643/GAMS Codes/Estimate.gdx
--- GDX File ($gdxIn) /Users/madhav/Desktop/Project 643/GAMS Codes/Estimate.gdx
--- meanvar.gms(70) 3 Mb
--- Starting execution: elapsed 0:00:00.024
--- meanvar.gms(58) 4 Mb
--- Generating NLP model MeanVar
--- meanvar.gms(60) 6 Mb
--- LOOPS FOR/WHILE = 1
---   4 rows  11 columns  28 non-zeroes
---   258 nl-code  8 nl-non-zeroes
--- Range statistics (absolute non-zero finite values)
--- RHS       [min, max] : [ 1.000E+00, 1.000E+00] - Zero values observed as well
--- Bound     [min, max] : [        NA,        NA] - Zero values observed as well
--- Matrix    [min, max] : [ 4.171E-02, 1.000E+00] - Zero values observed as well
--- meanvar.gms(60) 4 Mb
--- Executing CONOPT (Solvelink=2): elapsed 0:00:00.032

CONOPT 3         45.3.0 c4c31d8a Nov 11, 2023          DEG x86 64bit/macOS    

--- *** This solver runs with a demo license. No commercial use.
 
 
    C O N O P T 3   version 3.17O
    Copyright (C)   ARKI Consulting and Development A/S
                    Bagsvaerdvej 246 A
                    DK-2880 Bagsvaerd, Denmark
 
 
   Iter Phase Ninf   Infeasibility   RGmax    NSB   Step InItr MX OK
      0   0        1.0000000000E+00 (Input point)
 
                   Pre-triangular equations:   0
                   Post-triangular equations:  3
 
      1   0        1.0000000000E+00 (After pre-processing)
      2   0        1.0000000000E+00 (After scaling)
 
 ** Feasible solution. Value of objective =   0.117453569297
 
   Iter Phase Ninf     Objective     RGmax    NSB   Step InItr MX OK
      4   3        2.3804290455E-01 0.0E+00     0
 
 ** Optimal solution. There are no superbasic variables.
 
--- Reading solution for model MeanVar
--- Executing after solve: elapsed 0:00:00.118
--- meanvar.gms(58) 4 Mb
--- Generating NLP model MeanVar
--- meanvar.gms(60) 6 Mb
--- LOOPS FOR/WHILE = 2
---   4 rows  11 columns  29 non-zeroes
---   258 nl-code  8 nl-non-zeroes
--- Range statistics (absolute non-zero finite values)
--- RHS       [min, max] : [ 1.000E+00, 1.000E+00] - Zero values observed as well
--- Bound     [min, max] : [        NA,        NA] - Zero values observed as well
--- Matrix    [min, max] : [ 4.171E-02, 1.871E+00]
--- meanvar.gms(60) 4 Mb
--- Executing CONOPT (Solvelink=2): elapsed 0:00:00.127

CONOPT 3         45.3.0 c4c31d8a Nov 11, 2023          DEG x86 64bit/macOS    

--- *** This solver runs with a demo license. No commercial use.
 
 
    C O N O P T 3   version 3.17O
    Copyright (C)   ARKI Consulting and Development A/S
                    Bagsvaerdvej 246 A
                    DK-2880 Bagsvaerd, Denmark
 
 
   Iter Phase Ninf   Infeasibility   RGmax    NSB   Step InItr MX OK
      0   0        1.1735312935E-01 (Input point)
 
                   Pre-triangular equations:   0
                   Post-triangular equations:  3
 
      1   0        0.0000000000E+00 (After pre-processing)
      2   0        0.0000000000E+00 (After scaling)
 
 ** Feasible solution. Value of objective =   0.120689775194
 
   Iter Phase Ninf     Objective     RGmax    NSB   Step InItr MX OK
      6   3        1.3953216572E-01 2.0E-02     3 1.0E+00    2 T  T
      8   3        1.3962474297E-01 1.4E-17     1
 
 ** Optimal solution. Reduced gradient less than tolerance.
 
--- Reading solution for model MeanVar
--- Executing after solve: elapsed 0:00:00.214
--- meanvar.gms(58) 4 Mb
--- Generating NLP model MeanVar
--- meanvar.gms(60) 6 Mb
--- LOOPS FOR/WHILE = 3
---   4 rows  11 columns  29 non-zeroes
---   258 nl-code  8 nl-non-zeroes
--- Range statistics (absolute non-zero finite values)
--- RHS       [min, max] : [ 1.000E+00, 1.000E+00] - Zero values observed as well
--- Bound     [min, max] : [        NA,        NA] - Zero values observed as well
--- Matrix    [min, max] : [ 4.171E-02, 1.211E+00]
--- meanvar.gms(60) 4 Mb
--- Executing CONOPT (Solvelink=2): elapsed 0:00:00.236

CONOPT 3         45.3.0 c4c31d8a Nov 11, 2023          DEG x86 64bit/macOS    

--- *** This solver runs with a demo license. No commercial use.
 
 
    C O N O P T 3   version 3.17O
    Copyright (C)   ARKI Consulting and Development A/S
                    Bagsvaerdvej 246 A
                    DK-2880 Bagsvaerd, Denmark
 
 
   Iter Phase Ninf   Infeasibility   RGmax    NSB   Step InItr MX OK
      0   0        6.7212117707E-02 (Input point)
 
                   Pre-triangular equations:   0
                   Post-triangular equations:  3
 
      1   0        0.0000000000E+00 (After pre-processing)
      2   0        0.0000000000E+00 (After scaling)
 
 ** Feasible solution. Value of objective =   7.241262526179E-02
 
   Iter Phase Ninf     Objective     RGmax    NSB   Step InItr MX OK
      9   4        9.8216756442E-02 4.2E-17     3
 
 ** Optimal solution. Reduced gradient less than tolerance.
 
--- Reading solution for model MeanVar
--- Executing after solve: elapsed 0:00:00.339
--- meanvar.gms(58) 4 Mb
--- Generating NLP model MeanVar
--- meanvar.gms(60) 6 Mb
--- LOOPS FOR/WHILE = 4
---   4 rows  11 columns  29 non-zeroes
---   258 nl-code  8 nl-non-zeroes
--- Range statistics (absolute non-zero finite values)
--- RHS       [min, max] : [ 1.000E+00, 1.000E+00] - Zero values observed as well
--- Bound     [min, max] : [        NA,        NA] - Zero values observed as well
--- Matrix    [min, max] : [ 1.057E-02, 1.000E+00]
--- meanvar.gms(60) 4 Mb
--- Executing CONOPT (Solvelink=2): elapsed 0:00:00.345

CONOPT 3         45.3.0 c4c31d8a Nov 11, 2023          DEG x86 64bit/macOS    

--- *** This solver runs with a demo license. No commercial use.
 
 
    C O N O P T 3   version 3.17O
    Copyright (C)   ARKI Consulting and Development A/S
                    Bagsvaerdvej 246 A
                    DK-2880 Bagsvaerd, Denmark
 
 
   Iter Phase Ninf   Infeasibility   RGmax    NSB   Step InItr MX OK
      0   0        2.7845269426E-02 (Input point)
 
                   Pre-triangular equations:   0
                   Post-triangular equations:  3
 
      1   0        5.5511151231E-17 (After pre-processing)
      2   0        5.5511151231E-17 (After scaling)
 
 ** Feasible solution. Value of objective =   7.037148701534E-02
 
   Iter Phase Ninf     Objective     RGmax    NSB   Step InItr MX OK
      9   4        7.6171277099E-02 1.4E-17     3
 
 ** Optimal solution. Reduced gradient less than tolerance.
 
--- Reading solution for model MeanVar
--- Executing after solve: elapsed 0:00:00.430
--- meanvar.gms(58) 4 Mb
--- Generating NLP model MeanVar
--- meanvar.gms(60) 6 Mb
--- LOOPS FOR/WHILE = 5
---   4 rows  11 columns  29 non-zeroes
---   258 nl-code  8 nl-non-zeroes
--- Range statistics (absolute non-zero finite values)
--- RHS       [min, max] : [ 1.000E+00, 1.000E+00] - Zero values observed as well
--- Bound     [min, max] : [        NA,        NA] - Zero values observed as well
--- Matrix    [min, max] : [ 1.501E-02, 1.000E+00]
--- meanvar.gms(60) 4 Mb
--- Executing CONOPT (Solvelink=2): elapsed 0:00:00.434

CONOPT 3         45.3.0 c4c31d8a Nov 11, 2023          DEG x86 64bit/macOS    

--- *** This solver runs with a demo license. No commercial use.
 
 
    C O N O P T 3   version 3.17O
    Copyright (C)   ARKI Consulting and Development A/S
                    Bagsvaerdvej 246 A
                    DK-2880 Bagsvaerd, Denmark
 
 
   Iter Phase Ninf   Infeasibility   RGmax    NSB   Step InItr MX OK
      0   0        1.8079411300E-02 (Input point)
 
                   Pre-triangular equations:   0
                   Post-triangular equations:  3
 
      1   0        5.5511151231E-17 (After pre-processing)
      2   0        5.5511151231E-17 (After scaling)
 
 ** Feasible solution. Value of objective =   5.809186579894E-02
 
   Iter Phase Ninf     Objective     RGmax    NSB   Step InItr MX OK
      9   4        6.0076356800E-02 5.3E-16     3
 
 ** Optimal solution. Reduced gradient less than tolerance.
 
--- Reading solution for model MeanVar
--- Executing after solve: elapsed 0:00:00.501
--- meanvar.gms(58) 4 Mb
--- Generating NLP model MeanVar
--- meanvar.gms(60) 6 Mb
--- LOOPS FOR/WHILE = 6
---   4 rows  11 columns  29 non-zeroes
---   258 nl-code  8 nl-non-zeroes
--- Range statistics (absolute non-zero finite values)
--- RHS       [min, max] : [ 1.000E+00, 1.000E+00] - Zero values observed as well
--- Bound     [min, max] : [        NA,        NA] - Zero values observed as well
--- Matrix    [min, max] : [ 1.785E-02, 1.000E+00]
--- meanvar.gms(60) 4 Mb
--- Executing CONOPT (Solvelink=2): elapsed 0:00:00.507

CONOPT 3         45.3.0 c4c31d8a Nov 11, 2023          DEG x86 64bit/macOS    

--- *** This solver runs with a demo license. No commercial use.
 
 
    C O N O P T 3   version 3.17O
    Copyright (C)   ARKI Consulting and Development A/S
                    Bagsvaerdvej 246 A
                    DK-2880 Bagsvaerd, Denmark
 
 
   Iter Phase Ninf   Infeasibility   RGmax    NSB   Step InItr MX OK
      0   0        1.4606552049E-02 (Input point)
 
                   Pre-triangular equations:   0
                   Post-triangular equations:  3
 
      1   0        1.6653345369E-16 (After pre-processing)
      2   0        1.6653345369E-16 (After scaling)
 
 ** Feasible solution. Value of objective =   4.546980475133E-02
 
   Iter Phase Ninf     Objective     RGmax    NSB   Step InItr MX OK
      9   4        4.6362825702E-02 2.2E-16     3
 
 ** Optimal solution. Reduced gradient less than tolerance.
 
--- Reading solution for model MeanVar
--- Executing after solve: elapsed 0:00:00.583
--- meanvar.gms(58) 4 Mb
--- Generating NLP model MeanVar
--- meanvar.gms(60) 6 Mb
--- LOOPS FOR/WHILE = 7
---   4 rows  11 columns  29 non-zeroes
---   258 nl-code  8 nl-non-zeroes
--- Range statistics (absolute non-zero finite values)
--- RHS       [min, max] : [ 1.000E+00, 1.000E+00] - Zero values observed as well
--- Bound     [min, max] : [        NA,        NA] - Zero values observed as well
--- Matrix    [min, max] : [ 9.887E-03, 1.000E+00]
--- meanvar.gms(60) 4 Mb
--- Executing CONOPT (Solvelink=2): elapsed 0:00:00.586

CONOPT 3         45.3.0 c4c31d8a Nov 11, 2023          DEG x86 64bit/macOS    

--- *** This solver runs with a demo license. No commercial use.
 
 
    C O N O P T 3   version 3.17O
    Copyright (C)   ARKI Consulting and Development A/S
                    Bagsvaerdvej 246 A
                    DK-2880 Bagsvaerd, Denmark
 
 
   Iter Phase Ninf   Infeasibility   RGmax    NSB   Step InItr MX OK
      0   0        1.2999114338E-02 (Input point)
 
                   Pre-triangular equations:   0
                   Post-triangular equations:  3
 
      1   0        2.7755575616E-16 (After pre-processing)
      2   0        2.7755575616E-16 (After scaling)
 
 ** Feasible solution. Value of objective =   3.336371136399E-02
 
   Iter Phase Ninf     Objective     RGmax    NSB   Step InItr MX OK
      9   4        3.3839989204E-02 1.9E-16     3
 
 ** Optimal solution. Reduced gradient less than tolerance.
 
--- Reading solution for model MeanVar
--- Executing after solve: elapsed 0:00:00.638
--- meanvar.gms(58) 4 Mb
--- Generating NLP model MeanVar
--- meanvar.gms(60) 7 Mb
--- LOOPS FOR/WHILE = 8
---   4 rows  11 columns  29 non-zeroes
---   258 nl-code  8 nl-non-zeroes
--- Range statistics (absolute non-zero finite values)
--- RHS       [min, max] : [ 1.000E+00, 1.000E+00] - Zero values observed as well
--- Bound     [min, max] : [        NA,        NA] - Zero values observed as well
--- Matrix    [min, max] : [ 1.068E-03, 1.000E+00]
--- meanvar.gms(60) 4 Mb
--- Executing CONOPT (Solvelink=2): elapsed 0:00:00.643

CONOPT 3         45.3.0 c4c31d8a Nov 11, 2023          DEG x86 64bit/macOS    

--- *** This solver runs with a demo license. No commercial use.
 
 
    C O N O P T 3   version 3.17O
    Copyright (C)   ARKI Consulting and Development A/S
                    Bagsvaerdvej 246 A
                    DK-2880 Bagsvaerd, Denmark
 
 
   Iter Phase Ninf   Infeasibility   RGmax    NSB   Step InItr MX OK
      0   0        1.2125938297E-02 (Input point)
 
                   Pre-triangular equations:   0
                   Post-triangular equations:  3
 
      1   0        3.3306690739E-16 (After pre-processing)
      2   0        3.3306690739E-16 (After scaling)
 
 ** Feasible solution. Value of objective =   2.171405090689E-02
 
   Iter Phase Ninf     Objective     RGmax    NSB   Step InItr MX OK
      9   4        2.1997549621E-02 3.8E-16     3
 
 ** Optimal solution. Reduced gradient less than tolerance.
 
--- Reading solution for model MeanVar
--- Executing after solve: elapsed 0:00:00.723
--- meanvar.gms(58) 4 Mb
--- Generating NLP model MeanVar
--- meanvar.gms(60) 7 Mb
--- LOOPS FOR/WHILE = 9
---   4 rows  11 columns  29 non-zeroes
---   258 nl-code  8 nl-non-zeroes
--- Range statistics (absolute non-zero finite values)
--- RHS       [min, max] : [ 1.000E+00, 1.000E+00] - Zero values observed as well
--- Bound     [min, max] : [        NA,        NA] - Zero values observed as well
--- Matrix    [min, max] : [ 8.892E-03, 1.000E+00]
--- meanvar.gms(60) 4 Mb
--- Executing CONOPT (Solvelink=2): elapsed 0:00:00.741

CONOPT 3         45.3.0 c4c31d8a Nov 11, 2023          DEG x86 64bit/macOS    

--- *** This solver runs with a demo license. No commercial use.
 
 
    C O N O P T 3   version 3.17O
    Copyright (C)   ARKI Consulting and Development A/S
                    Bagsvaerdvej 246 A
                    DK-2880 Bagsvaerd, Denmark
 
 
   Iter Phase Ninf   Infeasibility   RGmax    NSB   Step InItr MX OK
      0   0        1.1599440685E-02 (Input point)
 
                   Pre-triangular equations:   0
                   Post-triangular equations:  3
 
      1   0        3.3306690739E-16 (After pre-processing)
      2   0        3.3306690739E-16 (After scaling)
 
 ** Feasible solution. Value of objective =   1.039810893650E-02
 
   Iter Phase Ninf     Objective     RGmax    NSB   Step InItr MX OK
      9   4        1.0600977723E-02 2.3E-15     4
 
 ** Optimal solution. Reduced gradient less than tolerance.
 
--- Reading solution for model MeanVar
--- Executing after solve: elapsed 0:00:00.828
--- meanvar.gms(58) 4 Mb
--- Generating NLP model MeanVar
--- meanvar.gms(60) 7 Mb
--- LOOPS FOR/WHILE = 10
---   4 rows  11 columns  29 non-zeroes
---   258 nl-code  8 nl-non-zeroes
--- Range statistics (absolute non-zero finite values)
--- RHS       [min, max] : [ 1.000E+00, 1.000E+00] - Zero values observed as well
--- Bound     [min, max] : [        NA,        NA] - Zero values observed as well
--- Matrix    [min, max] : [ 1.457E-02, 1.000E+00]
--- meanvar.gms(60) 4 Mb
--- Executing CONOPT (Solvelink=2): elapsed 0:00:00.834

CONOPT 3         45.3.0 c4c31d8a Nov 11, 2023          DEG x86 64bit/macOS    

--- *** This solver runs with a demo license. No commercial use.
 
 
    C O N O P T 3   version 3.17O
    Copyright (C)   ARKI Consulting and Development A/S
                    Bagsvaerdvej 246 A
                    DK-2880 Bagsvaerd, Denmark
 
 
   Iter Phase Ninf   Infeasibility   RGmax    NSB   Step InItr MX OK
      0   0        1.1184335992E-02 (Input point)
 
                   Pre-triangular equations:   0
                   Post-triangular equations:  3
 
      1   0        6.8001160258E-16 (After pre-processing)
      2   0        6.8001160258E-16 (After scaling)
 
 ** Feasible solution. Value of objective =  -5.833582690427E-04
 
   Iter Phase Ninf     Objective     RGmax    NSB   Step InItr MX OK
     10   4       -4.0528990327E-04 2.6E-12     4
 
 ** Optimal solution. Reduced gradient less than tolerance.
 
--- Reading solution for model MeanVar
--- Executing after solve: elapsed 0:00:00.922
--- meanvar.gms(58) 4 Mb
--- Generating NLP model MeanVar
--- meanvar.gms(60) 7 Mb
--- LOOPS FOR/WHILE = 11
---   4 rows  11 columns  29 non-zeroes
---   258 nl-code  8 nl-non-zeroes
--- Range statistics (absolute non-zero finite values)
--- RHS       [min, max] : [ 1.000E+00, 1.000E+00] - Zero values observed as well
--- Bound     [min, max] : [        NA,        NA] - Zero values observed as well
--- Matrix    [min, max] : [ 1.110E-16, 1.000E+00]
--- meanvar.gms(60) 5 Mb
--- Executing CONOPT (Solvelink=2): elapsed 0:00:00.927

CONOPT 3         45.3.0 c4c31d8a Nov 11, 2023          DEG x86 64bit/macOS    

--- *** This solver runs with a demo license. No commercial use.
 
 
    C O N O P T 3   version 3.17O
    Copyright (C)   ARKI Consulting and Development A/S
                    Bagsvaerdvej 246 A
                    DK-2880 Bagsvaerd, Denmark
 
 
   Iter Phase Ninf   Infeasibility   RGmax    NSB   Step InItr MX OK
      0   0        1.0847984634E-02 (Input point)
 
                   Pre-triangular equations:   0
                   Post-triangular equations:  3
 
      1   0        2.3245294578E-15 (After pre-processing)
      2   0        2.3245294578E-15 (After scaling)
 
 ** Feasible solution. Value of objective =  -1.125327453730E-02
 
   Iter Phase Ninf     Objective     RGmax    NSB   Step InItr MX OK
      9   4       -1.1126648144E-02 5.2E-11     4
 
 ** Optimal solution. Reduced gradient less than tolerance.
 
--- Reading solution for model MeanVar
--- Executing after solve: elapsed 0:00:01.014
--- meanvar.gms(70) 5 Mb
--- Putfile FrontierHandle /Users/madhav/Desktop/Project 643/GAMS Codes/MeanVarianceFrontier.csv
*** Status: Normal completion
--- Job meanvar.gms Stop 12/03/23 18:32:30 elapsed 0:00:01.017
